> ######################################################################
> # Program: Example 3.18.R
> # Name:    J.Dever
> # Project: Practical Tools for Designing and Weighting Survey Samples
> # Date:    07/09/10
> # Purpose: Produce results for Example 3.18
> # Revised: 
> ######################################################################
>                                                 #Set working directory
> rm(list=ls(all=TRUE))
> setwd("//Jpsmnds/Users/Share/Practical tools/Book/Book Chapters/3 Sample Design/")
>  
> require(foreign)                                     #Load R libraries
Loading required package: foreign
> require(pps)
Loading required package: pps
Warning message:
package 'pps' was built under R version 2.8.1 
> 
> set.seed(4297005)                    #Random seed for sample selection
> 
> smho98 <- read.xport("smho98.xpt")            #Load SAS transport file
> dim(smho98)
[1] 875 378
> 
>                                       #Eliminate outpatient facilities
> smho98 <- smho98[smho98$BEDS > 0,]
> dim(smho98)
[1] 671 378
> 
>                            #Create 5-level stratum variable and verify
> smho98$stratum5 <- 0.
> 
> smho98[( 1<=smho98$STRATUM & smho98$STRATUM<=2), "stratum5"] <- 1.
> smho98[( 3<=smho98$STRATUM & smho98$STRATUM<=4), "stratum5"] <- 2.
> smho98[( 5<=smho98$STRATUM & smho98$STRATUM<=8), "stratum5"] <- 3.
> smho98[( 9<=smho98$STRATUM & smho98$STRATUM<=13),"stratum5"] <- 4.
> smho98[(14<=smho98$STRATUM & smho98$STRATUM<=16),"stratum5"] <- 5.
> 
> table(smho98$stratum5)

  1   2   3   4   5 
215  64 216  44 132 
>                                                   #Create size measure
> smho98$sqrt.Beds <- sqrt(smho98$BEDS)
> summary(smho98$BEDS)
   Min. 1st Qu.  Median    Mean 3rd Qu.    Max. 
    1.0    25.5    62.0   109.4   118.5  2405.0 
> summary(smho98$sqrt.Beds)
   Min. 1st Qu.  Median    Mean 3rd Qu.    Max. 
  1.000   5.050   7.874   8.900  10.890  49.040 
> 
>                                     #Approx. proportional sample sizes
> smp.size <- 50
> (strat.cts <- as.numeric(table(smho98$stratum5)))
[1] 215  64 216  44 132
> (strat.ps  <- strat.cts / sum(strat.cts))
[1] 0.32041729 0.09538003 0.32190760 0.06557377 0.19672131
> sum(strat.ps)
[1] 1
> 
> (smp.size.h <- round(strat.ps * smp.size,0))
[1] 16  5 16  3 10
> sum(smp.size.h)
[1] 50
> 
>                                     #Sort data file by sampling strata
> smho98 <- smho98[order(smho98$stratum5),]
> 
> smp.IDs  <- ppssstrat(sizes = smho98$sqrt.Beds,
+                       strat = smho98$stratum5,
+                       n     = smp.size.h)
> 
>                                         #Identify duplicate selections
> length(smp.IDs)
[1] 50
> length(unique(smp.IDs))
[1] 50
>                                             #Subset to sampled records
> smp.data <- smho98[smp.IDs,]
> table(smp.data$stratum5)

 1  2  3  4  5 
16  5 16  3 10 
>                                               #Verify selection counts
> as.numeric(table(smp.data$stratum5)) - smp.size.h
[1] 0 0 0 0 0
> 
