1                                           The SAS System            15:25 Thursday, February 9, 2012

NOTE: Copyright (c) 2002-2008 by SAS Institute Inc., Cary, NC, USA. 
NOTE: SAS (r) Proprietary Software 9.2 (TS2M2) 
      Licensed to UNIVERSITY OF MARYLAND-T&R, Site 70035155.
NOTE: This session is executing on the NET_SRV  platform.



NOTE: SAS initialization used:
      real time           0.53 seconds
      cpu time            0.26 seconds
      
1          /*********************************************************************/
2          /* Program: Project 1 OptModel n=575.sas                             */
3          /* Date:    02/09/12                                                 */
4          /* Author:  J.Dever                                                  */
5          /* Purpose: Reproduce optimization results generated with Solver.    */
6          /* Revised:                                                          */
7          /*********************************************************************/
8          options nocenter orientation=portrait;
9          
10         TITLE1 "VNUV Annual Survey Division Climate Survey (Sample Allocation)";
11         FOOTNOTE "Program: Project 1 OptModel n=575.sas";
12         
13         **********************************************************************;
14         ** Variable Formats.                                                **;
15         **********************************************************************;
16         PROC FORMAT;
17           VALUE salgrad_ 1="A1-A3"
18                          2="R1-R5"
19                          3="M1-M3";
NOTE: Format SALGRAD_ has been output.
20           VALUE tenure_  1="Less than 5 Years"
21                          2="5+ Years";
NOTE: Format TENURE_ has been output.
22           VALUE busunit_ 1="Survey Research Unit (SR)"
23                          2="Computing Research Unit (CR)"
24                          3="Field Operations (FO)";
NOTE: Format BUSUNIT_ has been output.
25         RUN;

NOTE: PROCEDURE FORMAT used (Total process time):
      real time           0.09 seconds
      cpu time            0.01 seconds
      

26         
27         **********************************************************************;
28         ** Macro Variables.                                                 **;
29         **********************************************************************;
30         %let maxsize   =575;                       *Max respondent sample size;
31         %let minsz_SR  =179.2;            *Min size for SR domain (power calc);
32         %let minsz_CR  = 90.4;            *Min size for CR domain (power calc);
33         %let minsz_FO  =216.0;            *Min size for FO domain (power calc);
34         
2 The SAS System                                                      15:25 Thursday, February 9, 2012

35         %let domaincv1 =0.06;                       *Max cv for domain group 1;
36         %let domaincv2 =0.10;                       *Max cv for domain group 2;
37         
38         **********************************************************************;
39         Title2 "Load Chapter 2 Tables 2.1, 2.3, 2.4";
40         **********************************************************************;
41         DATA OptParms;
42           LENGTH StratID 3 SalGrade Tenure BusUnit 3 FrameCts PopEst1-PopEst4
43                  STD_Est4 InEligRt ERespRt 8;
44           LABEL StratID  = "Stratum ID"
45                 BusUnit  = "Business Unit (3) within VUV-SD"
46                 SalGrade = "Salary Grade (3)"
47                 Tenure   = "Years of Tenure at VUV"
48                 FrameCts = "Sampling Frame Counts per Stratum"
49                 PopEst1  = "Pop Proportion Answering (Strongly) Agree to Q5 by Stratum"
50                 PopEst2  = "Pop Proportion Answering (Strongly) Agree to Q12 by Stratum"
51                 PopEst3  = "Pop Proportion Answering (Strongly) Agree to Q15 by Stratum"
52                 PopEst4  = "Pop Average Number of Classes Attended by Stratum"
53                 STD_Est4 = "Pop STD for Number of Classes Attended by Stratum"
54                 InEligRt = "Ineligibility Rate for Cycle 7 by Stratum"
55                 ERespRt  = "Response Rate among Eligible Sample Members by Stratum";
56           StratID = _n_;
57         
58           INPUT BusUnit SalGrade Tenure FrameCts
59                 PopEst1 PopEst2 PopEst3 PopEst4 STD_Est4
60                 InEligRt ERespRt;
61           CARDS;

NOTE: The data set WORK.OPTPARMS has 18 observations and 12 variables.
NOTE: DATA statement used (Total process time):
      real time           0.01 seconds
      cpu time            0.01 seconds
      

80           ;
81         RUN;
82         
83         DATA OptParms;
84           LENGTH VarU_Est1-VarU_Est4 InflateRts 8;
85           SET OptParms;
86                                     *Unit varianace for population proportions;
87           ARRAY varU_s VarU_Est1-VarU_Est3;
88           ARRAY p_s    PopEst1-PopEst3;
89           DO OVER p_s;
90             varU_s = p_s * (1 - p_s) * FrameCts / (FrameCts - 1);
91           END;
92         
93           VarU_Est4 = STD_Est4**2;
94         
95           InflateRts = (1 - InEligRt) * ERespRt;
96         
97           LABEL VarU_Est1  = "Pop Unit Variance for Proportion Answering (Strongly) Agree to Q5 by
97       ! Stratum"
98                 VarU_Est2  = "Pop Unit Variance for Proportion Answering (Strongly) Agree to Q12 by
3 The SAS System                                                      15:25 Thursday, February 9, 2012

98       !  Stratum"
99                 VarU_Est3  = "Pop Unit Variance for Proportion Answering (Strongly) Agree to Q15 by
99       !  Stratum"
100                VarU_Est4  = "Pop Unit Variance for Number of Classes Attended by Stratum"
101                InflateRts = "Inflation Rate for Allocation Sample Size";
102        RUN;

NOTE: There were 18 observations read from the data set WORK.OPTPARMS.
NOTE: The data set WORK.OPTPARMS has 18 observations and 17 variables.
NOTE: DATA statement used (Total process time):
      real time           0.03 seconds
      cpu time            0.01 seconds
      

103        
104        PROC PRINT DATA=OptParms UNIFORM NOOBS;
105          FORMAT SalGrade salgrad_. Tenure tenure_. BusUnit busunit_.;
106          SUM FrameCts;
107        RUN cancel;

WARNING: The procedure was not executed at the user's request.
NOTE: PROCEDURE PRINT used (Total process time):
      real time           0.04 seconds
      cpu time            0.04 seconds
      

108        
109        PROC MEANS DATA=OptParms MIN MAX;
110          VAR InflateRts;
111        RUN;

NOTE: There were 18 observations read from the data set WORK.OPTPARMS.
NOTE: The PROCEDURE MEANS printed page 1.
NOTE: PROCEDURE MEANS used (Total process time):
      real time           0.04 seconds
      cpu time            0.03 seconds
      

112        
113        **********************************************************************;
114        Title2 "Add Domain Indicators by Stratum to Sampling Frame File";
115        **********************************************************************;
116        DATA OptParms;
117          LENGTH Domain1-Domain18 3;
118          SET OptParms;
119                                              *Business Unit Reporting Domains;
120          Domain1 = ( 1<=StratID<= 6);
121          Domain2 = ( 7<=StratID<=12);
122          Domain3 = (13<=StratID<=18);
123                              *Business Unit by Salary Grade Reporting Domains;
124          Domain4  = (StratID in (1,2));
125          Domain5  = (StratID in (3,4));
126          Domain6  = (StratID in (5,6));
127          Domain7  = (StratID in (7,8));
4 The SAS System                                                      15:25 Thursday, February 9, 2012

128          Domain8  = (StratID in (9,10));
129          Domain9  = (StratID in (11,12));
130          Domain10 = (StratID in (13,14));
131          Domain11 = (StratID in (15,16));
132          Domain12 = (StratID in (17,18));
133                              *Business Unit by Salary Grade Reporting Domains;
134          Domain13 = (StratID in (1,3,5));
135          Domain14 = (StratID in (2,4,6));
136          Domain15 = (StratID in (7,9,11));
137          Domain16 = (StratID in (8,10,12));
138          Domain17 = (StratID in (13,15,17));
139          Domain18 = (StratID in (14,16,18));
140        
141          LABEL Domain1  = "Survey Research (SR) Reporting Domain Indicator"
142                Domain2  = "Computing Research (CR) Reporting Domain Indicator"
143                Domain3  = "Field Operations (FO) Reporting Domain Indicator"
144                Domain4  = "Survey Research (SR) by A1-A3 Reporting Domain Indicator"
145                Domain5  = "Survey Research (SR) by R1-R5 Reporting Domain Indicator"
146                Domain6  = "Survey Research (SR) by M1-M3 Reporting Domain Indicator"
147                Domain7  = "Computing Research (CR) by A1-A3 Reporting Domain Indicator"
148                Domain8  = "Computing Research (CR) by R1-R5 Reporting Domain Indicator"
149                Domain9  = "Computing Research (CR) by M1-M3 Reporting Domain Indicator"
150                Domain10 = "Field Operations (FO) by A1-A3 Reporting Domain Indicator"
151                Domain11 = "Field Operations (FO) by R1-R5 Reporting Domain Indicator"
152                Domain12 = "Field Operations (FO) by M1-M3 Reporting Domain Indicator"
153                Domain13 = "Survey Research (SR) by <5-yr Tenure Reporting Domain Indicator"
154                Domain14 = "Survey Research (SR) by 5+-yr Tenure Reporting Domain Indicator"
155                Domain15 = "Computing Research (CR) by <5-yr Tenure Reporting Domain Indicator"
156                Domain16 = "Computing Research (CR) by 5+-yr Tenure Reporting Domain Indicator"
157                Domain17 = "Field Operations (FO) by <5 yr Tenure Reporting Domain Indicator"
158                Domain18 = "Field Operations (FO) by 5+ yr Tenure Reporting Domain Indicator";
159        RUN;

NOTE: There were 18 observations read from the data set WORK.OPTPARMS.
NOTE: The data set WORK.OPTPARMS has 18 observations and 35 variables.
NOTE: DATA statement used (Total process time):
      real time           0.00 seconds
      cpu time            0.00 seconds
      

160        
161        PROC PRINT DATA=OptParms UNIFORM NOOBS;
162          VAR StratID BusUnit SalGrade Tenure Domain1-Domain18;
163          FORMAT SalGrade salgrad_. Tenure tenure_. BusUnit busunit_.;
164          SUM Domain1-Domain18;
165        RUN cancel;

WARNING: The procedure was not executed at the user's request.
NOTE: PROCEDURE PRINT used (Total process time):
      real time           0.01 seconds
      cpu time            0.00 seconds
      

166        
5 The SAS System                                                      15:25 Thursday, February 9, 2012

167        **********************************************************************;
168        Title2 "Calculate Population Totals";
169        **********************************************************************;
170        DATA OptParms;
171          LENGTH PopTotal1-PopTotal4 8;
172          SET OptParms;
173        
174          ARRAY p_s   PopEst1-PopEst4;
175          ARRAY tot_s PopTotal1-PopTotal4;
176          DO OVER p_s;
177            tot_s = FrameCts * p_s;
178          END;
179        
180          LABEL PopTotal1 = "Pop Total Answering (Strongly) Agree to Q5 by Stratum"
181                PopTotal2 = "Pop Total Answering (Strongly) Agree to Q12 by Stratum"
182                PopTotal3 = "Pop Total Answering (Strongly) Agree to Q15 by Stratum"
183                PopTotal4 = "Pop Total Number of Classes Attended by Stratum"
184        RUN;
185        

NOTE: There were 18 observations read from the data set WORK.OPTPARMS.
NOTE: The data set WORK.OPTPARMS has 18 observations and 39 variables.
NOTE: DATA statement used (Total process time):
      real time           0.01 seconds
      cpu time            0.01 seconds
      

186        PROC PRINT DATA=OptParms UNIFORM NOOBS;
187          VAR StratID PopTotal1-PopTotal4;
188          SUM PopTotal1-PopTotal4;
189        RUN cancel;

WARNING: The procedure was not executed at the user's request.
NOTE: PROCEDURE PRINT used (Total process time):
      real time           0.00 seconds
      cpu time            0.00 seconds
      

190        
191        **********************************************************************;
192        Title2 "Create proportional allocation for initial values";
193        **********************************************************************;
194        PROC FREQ DATA=OptParms noprint;
195          TABLES StratID / OUT=InitValsDS(KEEP=StratID Percent);
196          WEIGHT FrameCts;
197        RUN;

NOTE: There were 18 observations read from the data set WORK.OPTPARMS.
NOTE: The data set WORK.INITVALSDS has 18 observations and 2 variables.
NOTE: PROCEDURE FREQ used (Total process time):
      real time           0.01 seconds
      cpu time            0.01 seconds
      

6 The SAS System                                                      15:25 Thursday, February 9, 2012

198        
199        DATA InitValsDS;
200          SET InitValsDS;
201          InitVals = ROUND(&maxsize. * Percent / 100);
202          *InitVals = ROUND((&maxsize. - 100) * Percent / 100);
203        RUN;

NOTE: There were 18 observations read from the data set WORK.INITVALSDS.
NOTE: The data set WORK.INITVALSDS has 18 observations and 3 variables.
NOTE: DATA statement used (Total process time):
      real time           0.00 seconds
      cpu time            0.00 seconds
      

204        
205        PROC PRINT DATA=InitValsDS UNIFORM NOOBS;
206          SUM PERCENT InitVals;
207        RUN cancel;

WARNING: The procedure was not executed at the user's request.
NOTE: PROCEDURE PRINT used (Total process time):
      real time           0.00 seconds
      cpu time            0.00 seconds
      

208        
209        **********************************************************************;
210        Title2 "Create Domain Constraints";
211        **********************************************************************;
212        PROC TRANSPOSE DATA=OptParms(obs=1 KEEP=Domain1-Domain18)
213                        OUT=DConstraints(DROP=_NAME_ _LABEL_);
214        RUN;

NOTE: There were 1 observations read from the data set WORK.OPTPARMS.
NOTE: The data set WORK.DCONSTRAINTS has 18 observations and 1 variables.
NOTE: PROCEDURE TRANSPOSE used (Total process time):
      real time           0.01 seconds
      cpu time            0.01 seconds
      

215        
216        DATA DConstraints;
217          LENGTH DomainID 3 DomainRelVar 8;
218          SET DConstraints(DROP=COL1);
219        
220          DomainID = _n_;
221                                      *Constrained domain-specific relvariance;
222          IF      1<=DomainID<=3  THEN DomainRelVar=(&domaincv1.)**2;
223          ELSE IF 4<=DomainID<=18 THEN DomainRelVar=(&domaincv2.)**2;
224        
225          LABEL DomainID     = "Reporting Domain ID"
226                DomainRelVar = "Constrained Relvariance per Domain";
227        RUN;

7 The SAS System                                                      15:25 Thursday, February 9, 2012

NOTE: There were 18 observations read from the data set WORK.DCONSTRAINTS.
NOTE: The data set WORK.DCONSTRAINTS has 18 observations and 2 variables.
NOTE: DATA statement used (Total process time):
      real time           0.00 seconds
      cpu time            0.00 seconds
      

228        
229        PROC PRINT DATA=DConstraints;  RUN cancel;

WARNING: The procedure was not executed at the user's request.
NOTE: PROCEDURE PRINT used (Total process time):
      real time           0.00 seconds
      cpu time            0.00 seconds
      

230        
231        **********************************************************************;
232        Title2 "Sample Allocation - Initial Solution";
233        **********************************************************************;
234        PROC OPTMODEL initvar;
235        
236          *_____ OPTIMIZATION CONSTANTS _____*;
237           NUMBER nStrata  = 18;
237      !                                             *Number of sampling strata;
238           NUMBER nDomains = 18;
238      !                                           *Number of reporting domains;
239           NUMBER nMeans   = 4;
239      !                                           *Number of means/proportions;
240        
241        
242          *_____ CONSTRAINED SIZES _____*;
243           NUMBER minStrat = 2;
243      !                                                *Min sample per stratum;
244           NUMBER maxSamp  = &maxsize.;
244      !                                           *Max overall respondent size;
245        
246        
247          *_____ LOAD CHAPTER 2 PARAMETER TABLES _____*;
248                                                         *Stratum frame counts;
249           NUMBER FrameCts{1..nStrata};
250           READ DATA OptParms INTO [_n_] FrameCts;
NOTE: There were 18 observations read from the data set WORK.OPTPARMS.
251           *PRINT FrameCts;
252        
253                                                 *Population totals by stratum;
254           SET<NUMBER> StratID;
255           NUMBER PopTotals{StratID, 1..nMeans};
256           READ DATA OptParms INTO StratID=[StratID]
257                {c in 1..nMeans} <PopTotals[StratID,c]=COL("PopTotal"||c)>;
NOTE: There were 18 observations read from the data set WORK.OPTPARMS.
258           *PRINT PopTotals;
259        
260                                          *Population unit variance by stratum;
8 The SAS System                                                      15:25 Thursday, February 9, 2012

261           NUMBER PopUVars{StratID, 1..nMeans};
262           READ DATA OptParms INTO StratID=[StratID]
263                {c in 1..nMeans} <PopUVars[StratID,c]=COL("VarU_Est"||c)>;
NOTE: There were 18 observations read from the data set WORK.OPTPARMS.
264           *PRINT PopUVars;
265           *PRINT {i in 1..18} PopUVars[i,1];
266        
267                                            *Sample allocation inflation rates;
268           NUMBER InflateRts{1..nStrata};
269           READ DATA OptParms INTO [_n_] InflateRts;
NOTE: There were 18 observations read from the data set WORK.OPTPARMS.
270           *PRINT InflateRts;
271        
272                                                 *Domain indicators by stratum;
273           NUMBER DomInds{StratID, 1..nDomains};
274           READ DATA OptParms INTO StratID=[StratID]
275                {c in 1..nDomains} <DomInds[StratID,c]=COL("Domain"||c)>;
NOTE: There were 18 observations read from the data set WORK.OPTPARMS.
276           *PRINT DomInds;
277        
278        
279          *_____ OPTIMIZATION CONSTRAINTS _____*;
280        
281                                               *Domain relvariance constraints;
282           NUMBER DomainRelVar{1..nDomains};
283           READ DATA DConstraints INTO [_n_] DomainRelVar;
NOTE: There were 18 observations read from the data set WORK.DCONSTRAINTS.
284           *PRINT DomainRelVar;
285        
286                                                 *Initial stratum sample sizes;
287           NUMBER InitVals{1..nStrata};
288           READ DATA InitValsDS INTO [_n_] InitVals;
NOTE: There were 18 observations read from the data set WORK.INITVALSDS.
289           *PRINT InitVals;
290           *PRINT (SUM{i in 1..nStrata} InitVals[i]);
291        
292                                                         *Stratum sample sizes;
293           *VAR NResp{i in 1..nStrata} init 2;
294           VAR NResp{i in 1..nStrata} init InitVals[i];
295           *VAR NResp{i in 1..nStrata};
296        
297           CONSTRAINT MaxSSize{i in 1..nStrata}: (NResp[i] / InflateRts[i]) <= FrameCts[i];
298           CONSTRAINT MinSSize{i in 1..nStrata}: minStrat <= NResp[i];
299           *PRINT NResp;
300           *PRINT (SUM{i in 1..nStrata} NResp[i]);
301        
302                                *Overall respondent sample size (study budget);
303           CONSTRAINT TotSmpSize:
304               (SUM{i in 1..nStrata} NResp[i]) <= maxSamp;
305        
306                                 *Minimum sample size per business unit domain;
307           CONSTRAINT SRsmpSize:
308               (SUM{i in 1..nStrata} DomInds[i,1] * NResp[i]) >= &minsz_SR.;
309           CONSTRAINT CRsmpSize:
9 The SAS System                                                      15:25 Thursday, February 9, 2012

310               (SUM{i in 1..nStrata} DomInds[i,2] * NResp[i]) >= &minsz_CR.;
311           CONSTRAINT FOsmpSize:
312               (SUM{i in 1..nStrata} DomInds[i,2] * NResp[i]) >= &minsz_FO.;
313        
314                                                        *Relvariance by domain;
315           CONSTRAINT DomainRelVars{d in 1..nDomains, j in 1..nMeans}:
316               ((SUM{i in 1..nStrata} DomInds[i,d] * FrameCts[i] * (FrameCts[i] / NResp[i] - 1) *
316      ! PopUVars[i,j])
317                / (SUM{i in 1..nStrata} DomInds[i,d] * PopTotals[i,j])^2)
318        	   <= DomainRelVar[d];
319           *PRINT {d in 1..nDomains, j in 1..nMeans}
320               ((SUM{i in 1..nStrata} DomInds[i,d] * FrameCts[i] * (FrameCts[i] / NResp[i] - 1) *
320      ! PopUVars[i,j])
321                / (SUM{i in 1..nStrata} DomInds[i,d] * PopTotals[i,j])^2);
322        
323        
324          *_____ OBJECTIVE FUNCTION _____*;
325        
326                                       *Importance weights for study estimates;
327           NUMBER impwt{1..nMeans} = 1;
328           *PRINT impwt;
329        
330                                                  *Minimize sum of overall CVs;
331           MIN f = SUM{j in 1..nMeans} impwt[j] *
332                   ((SUM{i in 1..nStrata} FrameCts[i] * (FrameCts[i] / NResp[i] - 1) *
332      ! PopUVars[i,j])
333                    / (SUM{i in 1..nStrata} PopTotals[i,j])^2 );
334           *PRINT {j in 1..nMeans}
335                 (SQRT(SUM{i in 1..nStrata} FrameCts[i] * (FrameCts[i] / NResp[i] - 1) *
335      ! PopUVars[i,j])
336                  / (SUM{i in 1..nStrata} PopTotals[i,j])^2 );
337           *PRINT (SUM{j in 1..nMeans} impwt[j] *
338                  (SQRT(SUM{i in 1..nStrata} FrameCts[i] * (FrameCts[i] / NResp[i] - 1) *
338      ! PopUVars[i,j])
339                   / (SUM{i in 1..nStrata} PopTotals[i,j]))^2);
340        
341           SOLVE;
NOTE: The problem has 18 variables (18 free, 0 fixed).
NOTE: The problem has 40 linear constraints (37 LE, 0 EQ, 3 GE, 0 range).
NOTE: The problem has 72 linear constraint coefficients.
NOTE: The problem has 72 nonlinear constraints (72 LE, 0 EQ, 0 GE, 0 range).
NOTE: The OPTMODEL presolver removed 0 variables, 37 linear constraints, and 0 nonlinear constraints.
NOTE: The OPTMODEL presolved problem has 18 variables, 3 linear constraints, and 72 nonlinear 
      constraints.
NOTE: The OPTMODEL presolver removed 42 linear constraint coefficients, leaving 30.
NOTE: Using analytic derivatives for objective.
NOTE: Using analytic derivatives for nonlinear constraints.
NOTE: The SQP solver is called.
                    Objective                    Optimality
          Iter          Value  Infeasibility          Error  Complementarity
             0      0.0017048     89.0000000  0.00000809773       89.0000000
             1      0.0020922     12.5022833     13.3424814       12.5022833
             2     -0.0069812      3.0487908     10.9401351        3.0487908
             3      0.0024254      1.2600419      1.7686836        3.1634680
10 The SAS System                                                     15:25 Thursday, February 9, 2012

             4      0.0024061      0.5928070      0.4366175        0.5928070
             5      0.0024007      0.0112409      0.0946142        0.1048014
             6      0.0023894      0.0108527      0.0006097        0.0108527
             7      0.0023876      0.0104452      0.0005926        0.0104452
             8      0.0023871      0.0103351      0.0038466        0.0103351
             9      0.0023865      0.0102267      0.0038466        0.0102267
            10      0.0023843      0.0098229      0.0038466        0.0098229
            11      0.0023795      0.0090188      0.0038466        0.0090188
            12      0.0023771      0.0087063      0.0038466        0.0087063
            13      0.0023772      0.0087062      0.0038466        0.0087062
            14      0.0023283      0.0070715      0.0038466        0.0070715
            15      0.0023104      0.0068607      0.0038466        0.0068607
            16      0.0023095      0.0068424      0.0038466        0.0068424
            17      0.0022903      0.0064683      0.0013322        0.0064683
            18      0.0022898      0.0064535      0.0013322        0.0064535
            19      0.0022342      0.0045788      0.0013322        0.0045788
            20      0.0022342      0.0045788      0.0013322        0.0045788
            21      0.0022277      0.0045008      0.0013322        0.0045008
            22      0.0022267      0.0042252      0.0013322        0.0042252
            23      0.0022376      0.0038150      0.0013322        0.0039286
            24      0.0022805      0.0035391      0.0013322        0.0049349
            25      0.0022902      0.0034945      0.0013321        0.0050738
            26      0.0022949      0.0034613      0.0013321        0.0051260
            27      0.0022682      0.0034701      0.0013321        0.0046452
            28      0.0022504      0.0034812      0.0013320        0.0042208
            29      0.0022555      0.0034758      0.0013320        0.0043517
            30      0.0022658      0.0034559      0.0013321        0.0045862
            31      0.0022941      0.0032915      0.0013321        0.0050283
            32      0.0023265      0.0018927      0.0013320        0.0043484
            33      0.0023004      0.0012961      0.0013321        0.0024844
            34      0.0023012      0.0013249      0.0013321        0.0020924
            35      0.0023035      0.0013402      0.0013321        0.0020679
            36      0.0023033      0.0013105      0.0013321        0.0021076
            37      0.0023780      0.0002415      0.0002290        0.0002415
            38      0.0024019      0.0001328      0.0002289        0.0001328
            39      0.0023945      0.0000343      0.0002286        0.0000498
            40      0.0023924      0.0000228      0.0000101        0.0000442
            41      0.0023850  0.00000544524      0.0000167    0.00000544524
            42      0.0023844  0.00000016089      0.0000196    0.00000054389
            43      0.0023827  0.00000926904      0.0000221    0.00000926904
            44      0.0023801  0.00000008203      0.0000203    0.00000100512
            45      0.0023722  0.00000743605      0.0000371    0.00000743605
            46      0.0023730              0      0.0000223    0.00000153805
            47      0.0023729              0      0.0000162    0.00000072036
            48      0.0023728  0.00000015960      0.0000180    0.00000015960
            49      0.0023727  0.00000025088      0.0000193    0.00000177572
            50      0.0023728  0.00000008364      0.0000209    0.00000143913
            51      0.0023728  0.00000001002      0.0000185    0.00000013293
            52      0.0023727  0.00000029552      0.0000209    0.00000029552
            53      0.0023727  0.00000012908      0.0000210    0.00000012908
            54      0.0023728              0      0.0000220    0.00000010771
            55      0.0023727  0.00000010643      0.0000175    0.00000010643
            56      0.0023727  0.00000176992      0.0000175    0.00000176992
            57      0.0023726  0.00000061065      0.0000175    0.00000061065
11 The SAS System                                                     15:25 Thursday, February 9, 2012

            58      0.0023726  0.00000060134      0.0000175    0.00000060134
            59      0.0023726  0.00000043760      0.0000175    0.00000092532
            60      0.0023725  0.00000033711      0.0000175    0.00000092532
            61      0.0023724  0.00000028579      0.0000175    0.00000092532
            62      0.0023723  0.00000024723      0.0000141    0.00000024723
            63      0.0023722  0.00000065879      0.0000165    0.00000065879
            64      0.0023721  0.00000008146      0.0000139    0.00000043039
            65      0.0023722  0.00000058797      0.0000179    0.00000058797
            66      0.0023721  0.00000036121      0.0000165    0.00000036121
            67      0.0023721  0.00000019479      0.0000191    0.00000019479
            68      0.0023721  0.00000008200      0.0000224    0.00000008200
            69      0.0023722              0      0.0000141    0.00000030622
            70      0.0023721              0      0.0000269    0.00000009627
            71      0.0023721              0      0.0000227    0.00000011393
            72      0.0023719  0.00000016289      0.0000226    0.00000016289
            73      0.0023719  0.00000018589      0.0000226    0.00000018589
            74      0.0023719  0.00000034927      0.0000226    0.00000034927
            75      0.0023718  0.00000038744      0.0000226    0.00000038744
            76      0.0023718  0.00000033996      0.0000226    0.00000033996
            77      0.0023716  0.00000041447      0.0000226    0.00000041447
            78      0.0023713  0.00000047608      0.0000226    0.00000047608
            79      0.0023703  0.00000062143      0.0000226    0.00000062143
            80      0.0023683  0.00000403949      0.0000225    0.00000403949
            81      0.0023550      0.0000155      0.0000217        0.0000155
            82      0.0023491      0.0000134      0.0000212        0.0000134
            83      0.0023426      0.0000102      0.0000211        0.0000102
            84      0.0023351  0.00000742405      0.0000219    0.00000742405
            85      0.0023311  0.00000655787      0.0000222    0.00000655787
            86      0.0023257  0.00000654556      0.0000224    0.00000654556
            87      0.0023221  0.00000692527      0.0000226    0.00000854369
            88      0.0023189  0.00000722596      0.0000227        0.0000140
            89      0.0023161  0.00000737195      0.0000228        0.0000212
            90      0.0023135  0.00000738521      0.0000229        0.0000305
            91      0.0023125  0.00000719717      0.0000229        0.0000336
            92      0.0023091  0.00000719746      0.0000230        0.0000516
            93      0.0023068  0.00000686946      0.0000231        0.0000684
            94      0.0023053  0.00000659303      0.0000231        0.0000821
            95      0.0023036  0.00000628013      0.0000232        0.0000997
            96      0.0023021  0.00000595833      0.0000232        0.0001183
            97      0.0023006  0.00000564034      0.0000232        0.0001383
            98      0.0022992  0.00000533361      0.0000232        0.0001592
            99      0.0022978  0.00000503932      0.0000232        0.0001809
           100      0.0022965  0.00000475452      0.0000232        0.0002033
           101      0.0022952  0.00000447403      0.0000231        0.0002265
           102      0.0022940  0.00000419480      0.0000231        0.0002505
           103      0.0022928  0.00000391528      0.0000230        0.0002755
           104      0.0022916  0.00000363409      0.0000230        0.0003015
           105      0.0022904  0.00000336330      0.0000229        0.0003286
           106      0.0022892  0.00000309487      0.0000228        0.0003572
           107      0.0022881  0.00000281249      0.0000228        0.0003876
           108      0.0022870  0.00000253449      0.0000227        0.0004192
           109      0.0022860  0.00000226280      0.0000226        0.0004528
           110      0.0022851  0.00000201130      0.0000225        0.0004878
           111      0.0022843  0.00000176904      0.0000223        0.0005226
12 The SAS System                                                     15:25 Thursday, February 9, 2012

           112      0.0022837  0.00000155677      0.0000222        0.0005569
           113      0.0022832  0.00000135259      0.0000221        0.0005911
           114      0.0022827  0.00000116060      0.0000221        0.0006246
           115      0.0022823  0.00000099987      0.0000220        0.0006574
           116      0.0022821  0.00000086637      0.0000219        0.0006897
           117      0.0022818  0.00000075730      0.0000218        0.0007215
           118      0.0022816  0.00000066985      0.0000217        0.0007526
           119      0.0022815  0.00000060127      0.0000216        0.0007831
           120      0.0022814  0.00000054903      0.0000216        0.0008135
           121      0.0022813  0.00000051138      0.0000215        0.0008448
           122      0.0022812  0.00000048389      0.0000214        0.0008759
           123      0.0022811  0.00000046598      0.0000214        0.0009059
           124      0.0022809  0.00000044851      0.0000213        0.0009362
           125      0.0022808  0.00000041701      0.0000213        0.0009454
           126      0.0022808  0.00000039306      0.0000213        0.0009471
           127      0.0022807  0.00000036895      0.0000278    0.00000036895
           128      0.0022806  0.00000036756      0.0000278        0.0000123
           129      0.0022806  0.00000035522      0.0000278        0.0000123
           130      0.0022806  0.00000033289      0.0000278        0.0000123
           131      0.0022806  0.00000029700      0.0000257        0.0000132
           132      0.0022806  0.00000026486      0.0000257        0.0000132
           133      0.0022806  0.00000021676      0.0000257        0.0000132
           134      0.0022806  0.00000015949      0.0000257        0.0000132
           135      0.0022806  0.00000011025      0.0000257        0.0000106
           136      0.0022806  0.00000006155      0.0000257    0.00000604331
           137      0.0022806  0.00000003222      0.0000257    0.00000259586
           138      0.0022806  0.00000001079      0.0000257    0.00000066442
           139      0.0022806 9.72008647E-10      0.0000257    0.00000000655
           140      0.0022806  0.00000000158      0.0000257    0.00000000668
           141      0.0022806  0.00000000726      0.0000257    0.00000000726
           142      0.0022806  0.00000001821      0.0000257    0.00000001821
           143      0.0022805  0.00000004873      0.0000257    0.00000004873
           144      0.0022805  0.00000012160      0.0000257    0.00000012160
           145      0.0022804  0.00000016849      0.0000256    0.00000016849
           146      0.0022802  0.00000019839      0.0000256    0.00000019839
           147      0.0022800  0.00000024286      0.0000255    0.00000024286
           148      0.0022794  0.00000043530      0.0000255    0.00000043530
           149      0.0022788  0.00000050048      0.0000254    0.00000050048
           150      0.0022779  0.00000070332      0.0000252    0.00000070332
           151      0.0022767  0.00000127585      0.0000250    0.00000127585
           152      0.0022754  0.00000180043      0.0000248    0.00000180043
           153      0.0022734  0.00000232546      0.0000245    0.00000232546
           154      0.0022719  0.00000181615      0.0000162        0.0001516
           155      0.0022716  0.00000174786      0.0000162        0.0001502
           156      0.0022713  0.00000168828      0.0000162        0.0001464
           157      0.0022710  0.00000160874      0.0000161        0.0001389
           158      0.0022707  0.00000151587      0.0000161        0.0001304
           159      0.0022703  0.00000141481      0.0000161        0.0001211
           160      0.0022700  0.00000131174      0.0000161        0.0001117
           161      0.0022698  0.00000120756      0.0000161        0.0001022
           162      0.0022695  0.00000110186      0.0000161        0.0000927
           163      0.0022693  0.00000099367      0.0000161        0.0000830
           164      0.0022691  0.00000088204      0.0000160        0.0000730
           165      0.0022689  0.00000076637      0.0000160        0.0000628
13 The SAS System                                                     15:25 Thursday, February 9, 2012

           166      0.0022687  0.00000064640      0.0000160        0.0000522
           167      0.0022686  0.00000053010      0.0000160        0.0000413
           168      0.0022685  0.00000044450      0.0000160        0.0000302
           169      0.0022684  0.00000033334      0.0000159        0.0000193
           170      0.0022683  0.00000020093      0.0000159    0.00000951636
           171      0.0022683  0.00000007660      0.0000159    0.00000262541
           172      0.0022683  0.00000003727      0.0000159    0.00000003727
           173      0.0022682  0.00000007786      0.0000159    0.00000007786
           174      0.0022681  0.00000011037      0.0000159    0.00000011037
           175      0.0022680  0.00000013573      0.0000159    0.00000013573
           176      0.0022679  0.00000016661      0.0000159    0.00000016661
           177      0.0022675  0.00000033199      0.0000159    0.00000033199
           178      0.0022671  0.00000040516      0.0000159    0.00000040516
           179      0.0022667  0.00000041848      0.0000159    0.00000041848
           180      0.0022656  0.00000041626      0.0000159    0.00000041626
           181      0.0022642  0.00000048202      0.0000159    0.00000048202
           182      0.0022596  0.00000019512      0.0000148        0.0000207
           183      0.0022581  0.00000051813  0.00000849686    0.00000051813
NOTE: Converged.
NOTE: Objective = 0.00225809057.
342             PRINT NResp InflateRts FrameCts;
343        	 *PRINT ({i in 1..nStrata} (NResp[i] / InflateRts[i]));
344             PRINT (SUM{i in 1..nStrata} NResp[i]);
345             PRINT (SUM{j in 1..nMeans} impwt[j] *
346                    (SQRT(SUM{i in 1..nStrata} FrameCts[i] * (FrameCts[i] / NResp[i] - 1) *
346      ! PopUVars[i,j])
347                    / (SUM{i in 1..nStrata} PopTotals[i,j])^2));
348        
349           QUIT;
NOTE: The PROCEDURE OPTMODEL printed pages 2-3.
NOTE: PROCEDURE OPTMODEL used (Total process time):
      real time           0.21 seconds
      cpu time            0.18 seconds
      

350        RUN;
351        
352        /*********************************************************************/

NOTE: SAS Institute Inc., SAS Campus Drive, Cary, NC USA 27513-2414
NOTE: The SAS System used:
      real time           1.18 seconds
      cpu time            0.71 seconds
      
